# JRE version: OpenJDK Runtime Environment (23.0.1+11) (build 23.0.1+11-39)
# Java VM: OpenJDK 64-Bit Server VM (23.0.1+11-39, mixed mode, emulated-client, sharing, tiered, compressed oops, compressed class ptrs, g1 gc, windows-amd64)
GC Precious Log:
 CardTable entry size: 512
 Card Set container configuration: InlinePtr #cards 4 size 8 Array Of Cards #cards 16 size 48 Howl #buckets 8 coarsen threshold 3686 Howl Bitmap #cards 512 size 80 coarsen threshold 460 Card regions per heap region 1 cards per card region 4096
 CPUs: 12 total, 12 available
 Memory: 16307M
 Large Page Support: Disabled
 NUMA Support: Disabled
 Compressed Oops: Enabled (Zero based)
 Heap Region Size: 2M
 Heap Min Capacity: 8M
 Heap Initial Capacity: 256M
 Heap Max Capacity: 4078M
 Pre-touch: Disabled
 Parallel Workers: 10
 Concurrent Workers: 3
 Concurrent Refinement Workers: 10
 Periodic GC: Disabled
Heap:
 garbage-first heap   total reserved 4175872K, committed 116736K, used 94569K [0x0000000701200000, 0x0000000800000000)
  region size 2048K, 30 young (61440K), 4 survivors (8192K)
 Metaspace       used 73724K, committed 74752K, reserved 1114112K
  class space    used 11055K, committed 11520K, reserved 1048576K
GC Heap History (20 events):
Event: 2.923 GC heap before
{Heap before GC invocations=7 (full 0):
 garbage-first heap   total reserved 4175872K, committed 55296K, used 42681K [0x0000000701200000, 0x0000000800000000)
  region size 2048K, 13 young (26624K), 2 survivors (4096K)
 Metaspace       used 31046K, committed 31616K, reserved 1114112K
  class space    used 4374K, committed 4608K, reserved 1048576K
}
Event: 2.928 GC heap after
{Heap after GC invocations=8 (full 0):
 garbage-first heap   total reserved 4175872K, committed 55296K, used 21911K [0x0000000701200000, 0x0000000800000000)
  region size 2048K, 2 young (4096K), 2 survivors (4096K)
 Metaspace       used 31046K, committed 31616K, reserved 1114112K
  class space    used 4374K, committed 4608K, reserved 1048576K
}
Event: 3.125 GC heap before
{Heap before GC invocations=8 (full 0):
 garbage-first heap   total reserved 4175872K, committed 55296K, used 42391K [0x0000000701200000, 0x0000000800000000)
  region size 2048K, 12 young (24576K), 2 survivors (4096K)
 Metaspace       used 33845K, committed 34432K, reserved 1114112K
  class space    used 4765K, committed 4992K, reserved 1048576K
}
Event: 3.130 GC heap after
{Heap after GC invocations=9 (full 0):
 garbage-first heap   total reserved 4175872K, committed 55296K, used 24056K [0x0000000701200000, 0x0000000800000000)
  region size 2048K, 1 young (2048K), 1 survivors (2048K)
 Metaspace       used 33845K, committed 34432K, reserved 1114112K
  class space    used 4765K, committed 4992K, reserved 1048576K
}
Event: 3.238 GC heap before
{Heap before GC invocations=9 (full 0):
 garbage-first heap   total reserved 4175872K, committed 55296K, used 32248K [0x0000000701200000, 0x0000000800000000)
  region size 2048K, 6 young (12288K), 1 survivors (2048K)
 Metaspace       used 35376K, committed 35968K, reserved 1114112K
  class space    used 4973K, committed 5248K, reserved 1048576K
}
Event: 3.241 GC heap after
{Heap after GC invocations=10 (full 0):
 garbage-first heap   total reserved 4175872K, committed 159744K, used 24292K [0x0000000701200000, 0x0000000800000000)
  region size 2048K, 2 young (4096K), 2 survivors (4096K)
 Metaspace       used 35376K, committed 35968K, reserved 1114112K
  class space    used 4973K, committed 5248K, reserved 1048576K
}
Event: 3.920 GC heap before
{Heap before GC invocations=11 (full 0):
 garbage-first heap   total reserved 4175872K, committed 96256K, used 77540K [0x0000000701200000, 0x0000000800000000)
  region size 2048K, 28 young (57344K), 2 survivors (4096K)
 Metaspace       used 45742K, committed 46400K, reserved 1114112K
  class space    used 6516K, committed 6784K, reserved 1048576K
}
Event: 3.926 GC heap after
{Heap after GC invocations=12 (full 0):
 garbage-first heap   total reserved 4175872K, committed 96256K, used 27719K [0x0000000701200000, 0x0000000800000000)
  region size 2048K, 3 young (6144K), 3 survivors (6144K)
 Metaspace       used 45742K, committed 46400K, reserved 1114112K
  class space    used 6516K, committed 6784K, reserved 1048576K
}
Event: 4.378 GC heap before
{Heap before GC invocations=12 (full 0):
 garbage-first heap   total reserved 4175872K, committed 96256K, used 74823K [0x0000000701200000, 0x0000000800000000)
  region size 2048K, 26 young (53248K), 3 survivors (6144K)
 Metaspace       used 53544K, committed 54272K, reserved 1114112K
  class space    used 7802K, committed 8128K, reserved 1048576K
}
Event: 4.385 GC heap after
{Heap after GC invocations=13 (full 0):
 garbage-first heap   total reserved 4175872K, committed 96256K, used 29428K [0x0000000701200000, 0x0000000800000000)
  region size 2048K, 3 young (6144K), 3 survivors (6144K)
 Metaspace       used 53544K, committed 54272K, reserved 1114112K
  class space    used 7802K, committed 8128K, reserved 1048576K
}
Event: 4.714 GC heap before
{Heap before GC invocations=13 (full 0):
 garbage-first heap   total reserved 4175872K, committed 96256K, used 76532K [0x0000000701200000, 0x0000000800000000)
  region size 2048K, 26 young (53248K), 3 survivors (6144K)
 Metaspace       used 57119K, committed 57856K, reserved 1114112K
  class space    used 8381K, committed 8704K, reserved 1048576K
}
Event: 4.721 GC heap after
{Heap after GC invocations=14 (full 0):
 garbage-first heap   total reserved 4175872K, committed 96256K, used 31272K [0x0000000701200000, 0x0000000800000000)
  region size 2048K, 2 young (4096K), 2 survivors (4096K)
 Metaspace       used 57119K, committed 57856K, reserved 1114112K
  class space    used 8381K, committed 8704K, reserved 1048576K
}
Event: 5.007 GC heap before
{Heap before GC invocations=14 (full 0):
 garbage-first heap   total reserved 4175872K, committed 96256K, used 47656K [0x0000000701200000, 0x0000000800000000)
  region size 2048K, 12 young (24576K), 2 survivors (4096K)
 Metaspace       used 59443K, committed 60160K, reserved 1114112K
  class space    used 8668K, committed 9024K, reserved 1048576K
}
Event: 5.013 GC heap after
{Heap after GC invocations=15 (full 0):
 garbage-first heap   total reserved 4175872K, committed 96256K, used 33299K [0x0000000701200000, 0x0000000800000000)
  region size 2048K, 3 young (6144K), 3 survivors (6144K)
 Metaspace       used 59443K, committed 60160K, reserved 1114112K
  class space    used 8668K, committed 9024K, reserved 1048576K
}
Event: 5.361 GC heap before
{Heap before GC invocations=16 (full 0):
 garbage-first heap   total reserved 4175872K, committed 96256K, used 82451K [0x0000000701200000, 0x0000000800000000)
  region size 2048K, 27 young (55296K), 3 survivors (6144K)
 Metaspace       used 63488K, committed 64256K, reserved 1114112K
  class space    used 9544K, committed 9856K, reserved 1048576K
}
Event: 5.370 GC heap after
{Heap after GC invocations=17 (full 0):
 garbage-first heap   total reserved 4175872K, committed 96256K, used 37271K [0x0000000701200000, 0x0000000800000000)
  region size 2048K, 4 young (8192K), 4 survivors (8192K)
 Metaspace       used 63488K, committed 64256K, reserved 1114112K
  class space    used 9544K, committed 9856K, reserved 1048576K
}
Event: 5.593 GC heap before
{Heap before GC invocations=17 (full 0):
 garbage-first heap   total reserved 4175872K, committed 96256K, used 80279K [0x0000000701200000, 0x0000000800000000)
  region size 2048K, 25 young (51200K), 4 survivors (8192K)
 Metaspace       used 65984K, committed 66752K, reserved 1114112K
  class space    used 9908K, committed 10240K, reserved 1048576K
}
Event: 5.601 GC heap after
{Heap after GC invocations=18 (full 0):
 garbage-first heap   total reserved 4175872K, committed 96256K, used 38653K [0x0000000701200000, 0x0000000800000000)
  region size 2048K, 3 young (6144K), 3 survivors (6144K)
 Metaspace       used 65984K, committed 66752K, reserved 1114112K
  class space    used 9908K, committed 10240K, reserved 1048576K
}
Event: 5.887 GC heap before
{Heap before GC invocations=18 (full 0):
 garbage-first heap   total reserved 4175872K, committed 96256K, used 83709K [0x0000000701200000, 0x0000000800000000)
  region size 2048K, 25 young (51200K), 3 survivors (6144K)
 Metaspace       used 69129K, committed 70016K, reserved 1114112K
  class space    used 10329K, committed 10688K, reserved 1048576K
}
Event: 5.891 GC heap after
{Heap after GC invocations=19 (full 0):
 garbage-first heap   total reserved 4175872K, committed 116736K, used 43369K [0x0000000701200000, 0x0000000800000000)
  region size 2048K, 4 young (8192K), 4 survivors (8192K)
 Metaspace       used 69129K, committed 70016K, reserved 1114112K
  class space    used 10329K, committed 10688K, reserved 1048576K
}

